Build Configuration:
BB_VERSION           = "1.36.0"
BUILD_SYS            = "x86_64-linux"
NATIVELSBSTRING      = "universal"
TARGET_SYS           = "arm-poky-linux-gnueabi"
MACHINE              = "raspberrypi3"
DISTRO               = "poky"
DISTRO_VERSION       = "2.4.2"
TUNE_FEATURES        = "arm armv7ve vfp thumb neon vfpv4 callconvention-hard cortexa7"
TARGET_FPU           = "hard"
meta
meta-poky
meta-yocto-bsp       = "rocko:cca8bde9d700d68c5f36d7d4c47c048526aedfc0"
meta-oe
meta-multimedia
meta-networking
meta-perl
meta-python          = "rocko:dacfa2b1920e285531bec55cd2f08743390aaf57"
meta-fluent          = "rocko:f5603a8d94bdb153a591f13419e6d19d5d92fbbb"
meta-browser         = "master:d1c902440cba26a9d1271cfb914633c68ee3791c"
meta-raspberrypi     = "rocko:b58ccfc696e4fa6b680ae5ca79960312676d7af9"
